二月 20, 2022 7:01:50 下午 org.apache.catalina.core.AprLifecycleListener init
信息: Loaded APR based Apache Tomcat Native library 1.1.31 using APR version 1.4.8.
二月 20, 2022 7:01:50 下午 org.apache.catalina.core.AprLifecycleListener init
信息: APR capabilities: IPv6 [true], sendfile [true], accept filters [false], random [true].
二月 20, 2022 7:01:50 下午 org.apache.catalina.core.AprLifecycleListener initializeSSL
信息: OpenSSL successfully initialized (OpenSSL 1.0.1h 5 Jun 2014)
二月 20, 2022 7:01:50 下午 org.apache.coyote.AbstractProtocol init
信息: Initializing ProtocolHandler ["http-apr-8080"]
二月 20, 2022 7:01:50 下午 org.apache.coyote.AbstractProtocol init
信息: Initializing ProtocolHandler ["ajp-apr-8009"]
二月 20, 2022 7:01:50 下午 org.apache.catalina.startup.Catalina load
信息: Initialization processed in 721 ms
二月 20, 2022 7:01:50 下午 org.apache.catalina.core.StandardService startInternal
信息: Starting service Catalina
二月 20, 2022 7:01:50 下午 org.apache.catalina.core.StandardEngine startInternal
信息: Starting Servlet Engine: Apache Tomcat/7.0.55
二月 20, 2022 7:01:50 下午 org.apache.catalina.startup.HostConfig deployDirectory
信息: Deploying web application directory D:\wb开发基础\JSP程序设计开发工具软件\apache-tomcat-7.0.55-windows-x86\apache-tomcat-7.0.55\webapps\docs
二月 20, 2022 7:01:51 下午 org.apache.catalina.util.SessionIdGenerator createSecureRandom
信息: Creation of SecureRandom instance for session ID generation using [SHA1PRNG] took [729] milliseconds.
二月 20, 2022 7:01:51 下午 org.apache.catalina.startup.HostConfig deployDirectory
信息: Deployment of web application directory D:\wb开发基础\JSP程序设计开发工具软件\apache-tomcat-7.0.55-windows-x86\apache-tomcat-7.0.55\webapps\docs has finished in 934 ms
二月 20, 2022 7:01:51 下午 org.apache.catalina.startup.HostConfig deployDirectory
信息: Deploying web application directory D:\wb开发基础\JSP程序设计开发工具软件\apache-tomcat-7.0.55-windows-x86\apache-tomcat-7.0.55\webapps\examples
二月 20, 2022 7:01:51 下午 org.apache.catalina.startup.HostConfig deployDirectory
信息: Deployment of web application directory D:\wb开发基础\JSP程序设计开发工具软件\apache-tomcat-7.0.55-windows-x86\apache-tomcat-7.0.55\webapps\examples has finished in 299 ms
二月 20, 2022 7:01:51 下午 org.apache.catalina.startup.HostConfig deployDirectory
信息: Deploying web application directory D:\wb开发基础\JSP程序设计开发工具软件\apache-tomcat-7.0.55-windows-x86\apache-tomcat-7.0.55\webapps\host-manager
二月 20, 2022 7:01:51 下午 org.apache.catalina.startup.HostConfig deployDirectory
信息: Deployment of web application directory D:\wb开发基础\JSP程序设计开发工具软件\apache-tomcat-7.0.55-windows-x86\apache-tomcat-7.0.55\webapps\host-manager has finished in 62 ms
二月 20, 2022 7:01:51 下午 org.apache.catalina.startup.HostConfig deployDirectory
信息: Deploying web application directory D:\wb开发基础\JSP程序设计开发工具软件\apache-tomcat-7.0.55-windows-x86\apache-tomcat-7.0.55\webapps\manager
二月 20, 2022 7:01:52 下午 org.apache.catalina.startup.HostConfig deployDirectory
信息: Deployment of web application directory D:\wb开发基础\JSP程序设计开发工具软件\apache-tomcat-7.0.55-windows-x86\apache-tomcat-7.0.55\webapps\manager has finished in 50 ms
二月 20, 2022 7:01:52 下午 org.apache.catalina.startup.HostConfig deployDirectory
信息: Deploying web application directory D:\wb开发基础\JSP程序设计开发工具软件\apache-tomcat-7.0.55-windows-x86\apache-tomcat-7.0.55\webapps\ROOT
二月 20, 2022 7:01:52 下午 org.apache.catalina.startup.HostConfig deployDirectory
信息: Deployment of web application directory D:\wb开发基础\JSP程序设计开发工具软件\apache-tomcat-7.0.55-windows-x86\apache-tomcat-7.0.55\webapps\ROOT has finished in 45 ms
二月 20, 2022 7:01:52 下午 org.apache.coyote.AbstractProtocol start
信息: Starting ProtocolHandler ["http-apr-8080"]
二月 20, 2022 7:01:52 下午 org.apache.coyote.AbstractProtocol start
信息: Starting ProtocolHandler ["ajp-apr-8009"]
二月 20, 2022 7:01:52 下午 org.apache.catalina.startup.Catalina start
信息: Server startup in 1430 ms
二月 20, 2022 7:02:22 下午 org.apache.coyote.AbstractProtocol pause
信息: Pausing ProtocolHandler ["http-apr-8080"]
二月 20, 2022 7:02:22 下午 org.apache.coyote.AbstractProtocol pause
信息: Pausing ProtocolHandler ["ajp-apr-8009"]
二月 20, 2022 7:02:22 下午 org.apache.catalina.core.StandardService stopInternal
信息: Stopping service Catalina
二月 20, 2022 7:02:22 下午 org.apache.coyote.AbstractProtocol stop
信息: Stopping ProtocolHandler ["http-apr-8080"]
二月 20, 2022 7:02:22 下午 org.apache.coyote.AbstractProtocol stop
信息: Stopping ProtocolHandler ["ajp-apr-8009"]
二月 20, 2022 7:02:22 下午 org.apache.coyote.AbstractProtocol destroy
信息: Destroying ProtocolHandler ["http-apr-8080"]
二月 20, 2022 7:02:22 下午 org.apache.coyote.AbstractProtocol destroy
信息: Destroying ProtocolHandler ["ajp-apr-8009"]
